<?xml version="1.0" encoding="UTF-8"?>
<testng-results ignored="0" total="1" passed="1" failed="0" skipped="0">
  <reporter-output>
  </reporter-output>
  <suite started-at="2024-03-01T10:54:33 IST" name="Suite" finished-at="2024-03-01T10:54:41 IST" duration-ms="7683">
    <groups>
    </groups>
    <test started-at="2024-03-01T10:54:33 IST" name="LoginTest" finished-at="2024-03-01T10:54:41 IST" duration-ms="7683">
      <class name="test.TC002_LoginTest">
        <test-method is-config="true" signature="setup()[pri:0, instance:test.TC002_LoginTest@2dfaea86]" started-at="2024-03-01T10:54:33 IST" name="setup" finished-at="2024-03-01T10:54:33 IST" duration-ms="3" status="PASS">
          <reporter-output>
          </reporter-output>
        </test-method> <!-- setup -->
        <test-method is-config="true" signature="browserLaunch(java.lang.String,java.lang.String)[pri:0, instance:test.TC002_LoginTest@2dfaea86]" started-at="2024-03-01T10:54:33 IST" name="browserLaunch" finished-at="2024-03-01T10:54:37 IST" duration-ms="3369" status="PASS">
          <params>
            <param index="0">
              <value>
                <![CDATA[chrome]]>
              </value>
            </param>
            <param index="1">
              <value>
                <![CDATA[https://www.demoblaze.com/]]>
              </value>
            </param>
          </params>
          <reporter-output>
          </reporter-output>
        </test-method> <!-- browserLaunch -->
        <test-method signature="LoginTest(java.lang.String,java.lang.String)[pri:0, instance:test.TC002_LoginTest@2dfaea86]" started-at="2024-03-01T10:54:37 IST" name="LoginTest" data-provider="ReadExcel" finished-at="2024-03-01T10:54:40 IST" duration-ms="3463" status="PASS">
          <params>
            <param index="0">
              <value>
                <![CDATA[aswinkumar1@test.com]]>
              </value>
            </param>
            <param index="1">
              <value>
                <![CDATA[Welcome@123]]>
              </value>
            </param>
          </params>
          <reporter-output>
          </reporter-output>
        </test-method> <!-- LoginTest -->
      </class> <!-- test.TC002_LoginTest -->
    </test> <!-- LoginTest -->
  </suite> <!-- Suite -->
</testng-results>
